<?xml version="1.0" encoding="UTF-8"?>
<!-- Generated by org.testng.reporters.JUnitReportReporter -->
<testsuite hostname="DESKTOP-FFSC7GE" failures="0" tests="3" name="com.CRM.TestCase.HomePageTestCase" time="1.047" errors="0" timestamp="2024-07-15T01:23:13 IST" skipped="0">
  <testcase classname="com.CRM.TestCase.HomePageTestCase" name="verifyUrl" time="0.022"/>
  <system-out/>
  <testcase classname="com.CRM.TestCase.HomePageTestCase" name="verifyTitle" time="0.014"/>
  <system-out/>
  <testcase classname="com.CRM.TestCase.HomePageTestCase" name="validateSignInLink" time="1.011"/>
  <system-out/>
</testsuite> <!-- com.CRM.TestCase.HomePageTestCase -->
